<?xml version="1.0" encoding="UTF-8"?>
<robot generator="Robot 6.0.2 (Python 3.10.8 on win32)" generated="20230328 21:28:48.010" rpa="false" schemaversion="3">
<suite id="s1" name="Research" source="C:\agibank\tests\research.robot">
<test id="s1-t1" name="Article search field" line="6">
<kw name="New Browser" library="Browser">
<arg>headless=false</arg>
<arg>browser=chromium</arg>
<tag>BrowserControl</tag>
<tag>Setter</tag>
<doc>Create a new playwright Browser with specified options.</doc>
<msg timestamp="20230328 21:28:48.779" level="INFO">{"browser": "chromium", "headless": false, "devtools": false, "handleSIGHUP": true, "handleSIGINT": true, "handleSIGTERM": true, "slowMo": 0.0, "timeout": 30000.0, "deprecated_pos_args": [], "tracesDir": "C:\\agibank\\tests\\logs\\browser\\traces\\02f33cd6-f7c1-47ba-a09e-cb94227ae19f"}</msg>
<msg timestamp="20230328 21:28:49.317" level="INFO">Successfully created browser with options: {"browser":"chromium","headless":false,"devtools":false,"handleSIGHUP":true,"handleSIGINT":true,"handleSIGTERM":true,"slowMo":0,"timeout":30000,"deprecated_pos_args":[],"tracesDir":"C:\\agibank\\tests\\logs\\browser\\traces\\02f33cd6-f7c1-47ba-a09e-cb94227ae19f"}</msg>
<status status="PASS" starttime="20230328 21:28:48.779" endtime="20230328 21:28:49.317"/>
</kw>
<kw name="New Page" library="Browser">
<arg>https://blogdoagi.com.br/</arg>
<tag>BrowserControl</tag>
<tag>Setter</tag>
<doc>Open a new Page.</doc>
<msg timestamp="20230328 21:28:50.938" level="INFO">Successfully initialized new page object and opened url: https://blogdoagi.com.br/</msg>
<msg timestamp="20230328 21:28:50.939" level="INFO">No context was open. New context was automatically opened when this page is created.</msg>
<status status="PASS" starttime="20230328 21:28:49.324" endtime="20230328 21:28:50.939"/>
</kw>
<kw name="Magnifying Glass" library="keywords">
<kw name="Click" library="Browser">
<arg>id=search-open</arg>
<tag>PageContent</tag>
<tag>Setter</tag>
<doc>Simulates mouse click on the element found by ``selector``.</doc>
<status status="PASS" starttime="20230328 21:28:50.942" endtime="20230328 21:28:51.078"/>
</kw>
<status status="PASS" starttime="20230328 21:28:50.939" endtime="20230328 21:28:51.078"/>
</kw>
<kw name="Rest" library="keywords">
<kw name="Sleep" library="BuiltIn">
<arg>1</arg>
<doc>Pauses the test executed for the given time.</doc>
<msg timestamp="20230328 21:28:52.085" level="INFO">Slept 1 second</msg>
<status status="PASS" starttime="20230328 21:28:51.079" endtime="20230328 21:28:52.085"/>
</kw>
<status status="PASS" starttime="20230328 21:28:51.079" endtime="20230328 21:28:52.085"/>
</kw>
<kw name="Complete Search" library="keywords">
<arg>Segurança digital</arg>
<kw name="Fill Text" library="Browser">
<arg>xpath=//*[@id="masthead"]/div[1]/div[2]/form/label/input</arg>
<arg>${digital_security}</arg>
<tag>PageContent</tag>
<tag>Setter</tag>
<doc>Clears and fills the given ``txt`` into the text field found by ``selector``.</doc>
<msg timestamp="20230328 21:28:52.085" level="INFO">Fills the text 'Segurança digital' in the given field.</msg>
<status status="PASS" starttime="20230328 21:28:52.085" endtime="20230328 21:28:52.127"/>
</kw>
<status status="PASS" starttime="20230328 21:28:52.085" endtime="20230328 21:28:52.127"/>
</kw>
<kw name="Rest" library="keywords">
<kw name="Sleep" library="BuiltIn">
<arg>1</arg>
<doc>Pauses the test executed for the given time.</doc>
<msg timestamp="20230328 21:28:53.135" level="INFO">Slept 1 second</msg>
<status status="PASS" starttime="20230328 21:28:52.128" endtime="20230328 21:28:53.135"/>
</kw>
<status status="PASS" starttime="20230328 21:28:52.128" endtime="20230328 21:28:53.135"/>
</kw>
<kw name="Click Button" library="keywords">
<kw name="Click" library="Browser">
<arg>xpath=//*[@id="masthead"]/div[1]/div[2]/form/input</arg>
<tag>PageContent</tag>
<tag>Setter</tag>
<doc>Simulates mouse click on the element found by ``selector``.</doc>
<status status="PASS" starttime="20230328 21:28:53.137" endtime="20230328 21:28:53.241"/>
</kw>
<status status="PASS" starttime="20230328 21:28:53.135" endtime="20230328 21:28:53.241"/>
</kw>
<kw name="Rest" library="keywords">
<kw name="Sleep" library="BuiltIn">
<arg>1</arg>
<doc>Pauses the test executed for the given time.</doc>
<msg timestamp="20230328 21:28:54.257" level="INFO">Slept 1 second</msg>
<status status="PASS" starttime="20230328 21:28:53.243" endtime="20230328 21:28:54.257"/>
</kw>
<status status="PASS" starttime="20230328 21:28:53.242" endtime="20230328 21:28:54.257"/>
</kw>
<kw name="Verify Toaster" library="keywords">
<kw name="Get Text" library="Browser">
<arg>h1</arg>
<arg>contains</arg>
<arg>Resultados da busca por:</arg>
<tag>Assertion</tag>
<tag>Getter</tag>
<tag>PageContent</tag>
<doc>Returns text attribute of the element found by ``selector``.</doc>
<msg timestamp="20230328 21:28:54.312" level="INFO">Text: 'Resultados da busca por: Segurança digital'</msg>
<status status="PASS" starttime="20230328 21:28:54.259" endtime="20230328 21:28:54.312"/>
</kw>
<status status="PASS" starttime="20230328 21:28:54.258" endtime="20230328 21:28:54.313"/>
</kw>
<kw name="Rest" library="keywords">
<kw name="Sleep" library="BuiltIn">
<arg>1</arg>
<doc>Pauses the test executed for the given time.</doc>
<msg timestamp="20230328 21:28:55.329" level="INFO">Slept 1 second</msg>
<status status="PASS" starttime="20230328 21:28:54.314" endtime="20230328 21:28:55.329"/>
</kw>
<status status="PASS" starttime="20230328 21:28:54.314" endtime="20230328 21:28:55.329"/>
</kw>
<kw name="Click Logo" library="keywords">
<kw name="Click" library="Browser">
<arg>xpath=//*[@id="site-branding"]/div/a</arg>
<tag>PageContent</tag>
<tag>Setter</tag>
<doc>Simulates mouse click on the element found by ``selector``.</doc>
<status status="PASS" starttime="20230328 21:28:55.329" endtime="20230328 21:28:55.465"/>
</kw>
<status status="PASS" starttime="20230328 21:28:55.329" endtime="20230328 21:28:55.466"/>
</kw>
<kw name="Rest" library="keywords">
<kw name="Sleep" library="BuiltIn">
<arg>1</arg>
<doc>Pauses the test executed for the given time.</doc>
<msg timestamp="20230328 21:28:56.469" level="INFO">Slept 1 second</msg>
<status status="PASS" starttime="20230328 21:28:55.467" endtime="20230328 21:28:56.469"/>
</kw>
<status status="PASS" starttime="20230328 21:28:55.466" endtime="20230328 21:28:56.469"/>
</kw>
<kw name="Magnifying Glass" library="keywords">
<kw name="Click" library="Browser">
<arg>id=search-open</arg>
<tag>PageContent</tag>
<tag>Setter</tag>
<doc>Simulates mouse click on the element found by ``selector``.</doc>
<status status="PASS" starttime="20230328 21:28:56.469" endtime="20230328 21:28:56.531"/>
</kw>
<status status="PASS" starttime="20230328 21:28:56.469" endtime="20230328 21:28:56.531"/>
</kw>
<kw name="Rest" library="keywords">
<kw name="Sleep" library="BuiltIn">
<arg>1</arg>
<doc>Pauses the test executed for the given time.</doc>
<msg timestamp="20230328 21:28:57.558" level="INFO">Slept 1 second</msg>
<status status="PASS" starttime="20230328 21:28:56.538" endtime="20230328 21:28:57.558"/>
</kw>
<status status="PASS" starttime="20230328 21:28:56.531" endtime="20230328 21:28:57.558"/>
</kw>
<kw name="Search Field" library="keywords">
<arg>Finanças</arg>
<kw name="Fill Text" library="Browser">
<arg>xpath=//*[@id="masthead"]/div[1]/div[2]/form/label/input</arg>
<arg>${finance}</arg>
<tag>PageContent</tag>
<tag>Setter</tag>
<doc>Clears and fills the given ``txt`` into the text field found by ``selector``.</doc>
<msg timestamp="20230328 21:28:57.558" level="INFO">Fills the text 'Finanças' in the given field.</msg>
<status status="PASS" starttime="20230328 21:28:57.558" endtime="20230328 21:28:57.597"/>
</kw>
<status status="PASS" starttime="20230328 21:28:57.558" endtime="20230328 21:28:57.597"/>
</kw>
<kw name="Rest" library="keywords">
<kw name="Sleep" library="BuiltIn">
<arg>1</arg>
<doc>Pauses the test executed for the given time.</doc>
<msg timestamp="20230328 21:28:58.608" level="INFO">Slept 1 second</msg>
<status status="PASS" starttime="20230328 21:28:57.597" endtime="20230328 21:28:58.608"/>
</kw>
<status status="PASS" starttime="20230328 21:28:57.597" endtime="20230328 21:28:58.608"/>
</kw>
<kw name="Click Button" library="keywords">
<kw name="Click" library="Browser">
<arg>xpath=//*[@id="masthead"]/div[1]/div[2]/form/input</arg>
<tag>PageContent</tag>
<tag>Setter</tag>
<doc>Simulates mouse click on the element found by ``selector``.</doc>
<status status="PASS" starttime="20230328 21:28:58.608" endtime="20230328 21:28:58.719"/>
</kw>
<status status="PASS" starttime="20230328 21:28:58.608" endtime="20230328 21:28:58.719"/>
</kw>
<kw name="Rest" library="keywords">
<kw name="Sleep" library="BuiltIn">
<arg>1</arg>
<doc>Pauses the test executed for the given time.</doc>
<msg timestamp="20230328 21:28:59.725" level="INFO">Slept 1 second</msg>
<status status="PASS" starttime="20230328 21:28:58.720" endtime="20230328 21:28:59.725"/>
</kw>
<status status="PASS" starttime="20230328 21:28:58.720" endtime="20230328 21:28:59.725"/>
</kw>
<kw name="Verify Toaster" library="keywords">
<kw name="Get Text" library="Browser">
<arg>h1</arg>
<arg>contains</arg>
<arg>Resultados da busca por:</arg>
<tag>Assertion</tag>
<tag>Getter</tag>
<tag>PageContent</tag>
<doc>Returns text attribute of the element found by ``selector``.</doc>
<msg timestamp="20230328 21:28:59.790" level="INFO">Text: 'Resultados da busca por: Finanças'</msg>
<status status="PASS" starttime="20230328 21:28:59.725" endtime="20230328 21:28:59.790"/>
</kw>
<status status="PASS" starttime="20230328 21:28:59.725" endtime="20230328 21:28:59.790"/>
</kw>
<status status="PASS" starttime="20230328 21:28:48.779" endtime="20230328 21:28:59.790"/>
</test>
<doc>Suíte de testes para função de busca.</doc>
<status status="PASS" starttime="20230328 21:28:48.010" endtime="20230328 21:28:59.896"/>
</suite>
<statistics>
<total>
<stat pass="1" fail="0" skip="0">All Tests</stat>
</total>
<tag>
</tag>
<suite>
<stat pass="1" fail="0" skip="0" id="s1" name="Research">Research</stat>
</suite>
</statistics>
<errors>
</errors>
</robot>
